  main.cpp
C:\Users\sansk\source\repos\Sample-Test1\primes_utility.h(28,23): warning C4018: '<': signed/unsigned mismatch
C:\Users\sansk\source\repos\Sample-Test1\primes_utility.h(74,31): warning C4244: 'argument': conversion from '__int64' to '_Ty', possible loss of data
          with
          [
              _Ty=int
          ]
C:\Users\sansk\source\repos\Sample-Test1\main.cpp(22,19): warning C4244: 'argument': conversion from '__int64' to 'int', possible loss of data
  LINK : C:\Users\sansk\source\repos\Sample-Test1\Debug\Sample-Test1.exe not found or not built by the last incremental link; performing full link
test.obj : error LNK2005: "unsigned __int64 __cdecl binpower(unsigned __int64,unsigned __int64,unsigned __int64)" (?binpower@@YA_K_K00@Z) already defined in main.obj
test.obj : error LNK2005: "bool __cdecl check_composite(unsigned __int64,unsigned __int64,unsigned __int64,int)" (?check_composite@@YA_N_K00H@Z) already defined in main.obj
test.obj : error LNK2005: "bool __cdecl is_prime(__int64)" (?is_prime@@YA_N_J@Z) already defined in main.obj
test.obj : error LNK2005: "int __cdecl gcd(int,int)" (?gcd@@YAHHH@Z) already defined in main.obj
test.obj : error LNK2005: "__int64 __cdecl phi(__int64)" (?phi@@YA_J_J@Z) already defined in main.obj
test.obj : error LNK2005: "bool __cdecl is_primitive(int,__int64,class std::vector<int,class std::allocator<int> >)" (?is_primitive@@YA_NH_JV?$vector@HV?$allocator@H@std@@@std@@@Z) already defined in main.obj
test.obj : error LNK2005: "bool __cdecl is_primitive(int,__int64)" (?is_primitive@@YA_NH_J@Z) already defined in main.obj
test.obj : error LNK2005: "int __cdecl primitive_root(__int64)" (?primitive_root@@YAH_J@Z) already defined in main.obj
test.obj : error LNK2005: "int __cdecl factmod(int,int)" (?factmod@@YAHHH@Z) already defined in main.obj
test.obj : error LNK2005: "int __cdecl gcdExtended(int,int,int *,int *)" (?gcdExtended@@YAHHHPAH0@Z) already defined in main.obj
C:\Users\sansk\source\repos\Sample-Test1\Debug\Sample-Test1.exe : fatal error LNK1169: one or more multiply defined symbols found
